Vivado Simulator v2024.2.0
Copyright 1986-2022 Xilinx, Inc. All Rights Reserved.
Copyright 2022-2024 Advanced Micro Devices, Inc. All Rights Reserved.
Running: C:/Xilinx/Vivado/2024.2/bin/unwrapped/win64.o/xelab.exe --incr --debug typical --relax --mt 2 -L xil_defaultlib -L unisims_ver -L unimacro_ver -L secureip --snapshot testbench_behav xil_defaultlib.testbench xil_defaultlib.glbl -log elaborate.log 
Using 2 slave threads.
Starting static elaboration
Pass Through NonSizing Optimizer
Completed static elaboration
Starting simulation data flow analysis
WARNING: [XSIM 43-4099] "C:/Users/nayel/Desktop/arch/base/psc2.srcs/sources_1/new/adder.v" Line 1. Module adder(WIDTH=32) doesn't have a timescale but at least one module in design has a timescale.
WARNING: [XSIM 43-4099] "C:/Users/nayel/Desktop/arch/base/psc2.srcs/sources_1/new/adder.v" Line 1. Module adder(WIDTH=32) doesn't have a timescale but at least one module in design has a timescale.
WARNING: [XSIM 43-4099] "C:/Users/nayel/Desktop/arch/base/psc2.srcs/sources_1/new/adder.v" Line 1. Module adder(WIDTH=32) doesn't have a timescale but at least one module in design has a timescale.
WARNING: [XSIM 43-4099] "C:/Users/nayel/Desktop/arch/base/psc2.srcs/sources_1/new/adder.v" Line 1. Module adder(WIDTH=32) doesn't have a timescale but at least one module in design has a timescale.
Completed simulation data flow analysis
Time Resolution for simulation is 1ps
Compiling module xil_defaultlib.decode
Compiling module xil_defaultlib.flopenr(WIDTH=2)
Compiling module xil_defaultlib.condcheck
Compiling module xil_defaultlib.condlogic
Compiling module xil_defaultlib.controller
Compiling module xil_defaultlib.mux2(WIDTH=32)
Compiling module xil_defaultlib.flopr(WIDTH=32)
Compiling module xil_defaultlib.adder(WIDTH=32)
Compiling module xil_defaultlib.mux2(WIDTH=4)
Compiling module xil_defaultlib.regfile
Compiling module xil_defaultlib.extend
Compiling module xil_defaultlib.alu
Compiling module xil_defaultlib.datapath
Compiling module xil_defaultlib.arm
Compiling module xil_defaultlib.imem
Compiling module xil_defaultlib.dmem
Compiling module xil_defaultlib.top
Compiling module xil_defaultlib.testbench
Compiling module xil_defaultlib.glbl
Built simulation snapshot testbench_behav
